{"name": "test_incorrect_username", "status": "broken", "statusDetails": {"message": "selenium.common.exceptions.NoSuchElementException: Message: no such element: Unable to locate element: {\"method\":\"css selector\",\"selector\":\"[id=\"email\"]\"}\n  (Session info: chrome=119.0.6045.123); For documentation on this error, please visit: https://www.selenium.dev/documentation/webdriver/troubleshooting/errors#no-such-element-exception\nStacktrace:\n0   chromedriver                        0x0000000102eda004 chromedriver + 4169732\n1   chromedriver                        0x0000000102ed1ff8 chromedriver + 4136952\n2   chromedriver                        0x0000000102b27500 chromedriver + 292096\n3   chromedriver                        0x0000000102b6c7a0 chromedriver + 575392\n4   chromedriver                        0x0000000102ba7818 chromedriver + 817176\n5   chromedriver                        0x0000000102b605e8 chromedriver + 525800\n6   chromedriver                        0x0000000102b614b8 chromedriver + 529592\n7   chromedriver                        0x0000000102ea0334 chromedriver + 3932980\n8   chromedriver                        0x0000000102ea4970 chromedriver + 3950960\n9   chromedriver                        0x0000000102e88774 chromedriver + 3835764\n10  chromedriver                        0x0000000102ea5478 chromedriver + 3953784\n11  chromedriver                        0x0000000102e7aab4 chromedriver + 3779252\n12  chromedriver                        0x0000000102ec1914 chromedriver + 4069652\n13  chromedriver                        0x0000000102ec1a90 chromedriver + 4070032\n14  chromedriver                        0x0000000102ed1c70 chromedriver + 4136048\n15  libsystem_pthread.dylib             0x000000018556bfa8 _pthread_start + 148\n16  libsystem_pthread.dylib             0x0000000185566da0 thread_start + 8", "trace": "browser = <selenium.webdriver.chrome.webdriver.WebDriver (session=\"ea83ccccb55df67a2b2237887338e485\")>\n\n    def test_incorrect_username(browser):\n        incorrect_email = \"wrong@example.com\"\n        testpassword = \"Remy1234\"\n    \n        # navigate to login page and input the wrong email\n        browser.get(LOGIN_PAGE_URL)\n    \n        #input wrong email\n>       email_input = browser.find_element(By.ID, \"email\")\n\ntest_login_2.py:87: \n_ _ _ _ _ _ _ _ _ _ _ _ _ _ _ _ _ _ _ _ _ _ _ _ _ _ _ _ _ _ _ _ _ _ _ _ _ _ _ _ _ _ _ _ _ _ _ _ _ _ _ _ _ _ _ _ _ _ _ _ _ _ _ _ _ _ _ _ _ _ _ _ _\n/opt/homebrew/lib/python3.11/site-packages/selenium/webdriver/remote/webdriver.py:738: in find_element\n    return self.execute(Command.FIND_ELEMENT, {\"using\": by, \"value\": value})[\"value\"]\n/opt/homebrew/lib/python3.11/site-packages/selenium/webdriver/remote/webdriver.py:344: in execute\n    self.error_handler.check_response(response)\n_ _ _ _ _ _ _ _ _ _ _ _ _ _ _ _ _ _ _ _ _ _ _ _ _ _ _ _ _ _ _ _ _ _ _ _ _ _ _ _ _ _ _ _ _ _ _ _ _ _ _ _ _ _ _ _ _ _ _ _ _ _ _ _ _ _ _ _ _ _ _ _ _\n\nself = <selenium.webdriver.remote.errorhandler.ErrorHandler object at 0x102dc0f50>\nresponse = {'status': 404, 'value': '{\"value\":{\"error\":\"no such element\",\"message\":\"no such element: Unable to locate element: {\\...00018556bfa8 _pthread_start + 148\\\\n16  libsystem_pthread.dylib             0x0000000185566da0 thread_start + 8\\\\n\"}}'}\n\n    def check_response(self, response: Dict[str, Any]) -> None:\n        \"\"\"Checks that a JSON response from the WebDriver does not have an\n        error.\n    \n        :Args:\n         - response - The JSON response from the WebDriver server as a dictionary\n           object.\n    \n        :Raises: If the response contains an error message.\n        \"\"\"\n        status = response.get(\"status\", None)\n        if not status or status == ErrorCode.SUCCESS:\n            return\n        value = None\n        message = response.get(\"message\", \"\")\n        screen: str = response.get(\"screen\", \"\")\n        stacktrace = None\n        if isinstance(status, int):\n            value_json = response.get(\"value\", None)\n            if value_json and isinstance(value_json, str):\n                import json\n    \n                try:\n                    value = json.loads(value_json)\n                    if len(value) == 1:\n                        value = value[\"value\"]\n                    status = value.get(\"error\", None)\n                    if not status:\n                        status = value.get(\"status\", ErrorCode.UNKNOWN_ERROR)\n                        message = value.get(\"value\") or value.get(\"message\")\n                        if not isinstance(message, str):\n                            value = message\n                            message = message.get(\"message\")\n                    else:\n                        message = value.get(\"message\", None)\n                except ValueError:\n                    pass\n    \n        exception_class: Type[WebDriverException]\n        e = ErrorCode()\n        error_codes = [item for item in dir(e) if not item.startswith(\"__\")]\n        for error_code in error_codes:\n            error_info = getattr(ErrorCode, error_code)\n            if isinstance(error_info, list) and status in error_info:\n                exception_class = getattr(ExceptionMapping, error_code, WebDriverException)\n                break\n        else:\n            exception_class = WebDriverException\n    \n        if not value:\n            value = response[\"value\"]\n        if isinstance(value, str):\n            raise exception_class(value)\n        if message == \"\" and \"message\" in value:\n            message = value[\"message\"]\n    \n        screen = None  # type: ignore[assignment]\n        if \"screen\" in value:\n            screen = value[\"screen\"]\n    \n        stacktrace = None\n        st_value = value.get(\"stackTrace\") or value.get(\"stacktrace\")\n        if st_value:\n            if isinstance(st_value, str):\n                stacktrace = st_value.split(\"\\n\")\n            else:\n                stacktrace = []\n                try:\n                    for frame in st_value:\n                        line = frame.get(\"lineNumber\", \"\")\n                        file = frame.get(\"fileName\", \"<anonymous>\")\n                        if line:\n                            file = f\"{file}:{line}\"\n                        meth = frame.get(\"methodName\", \"<anonymous>\")\n                        if \"className\" in frame:\n                            meth = f\"{frame['className']}.{meth}\"\n                        msg = \"    at %s (%s)\"\n                        msg = msg % (meth, file)\n                        stacktrace.append(msg)\n                except TypeError:\n                    pass\n        if exception_class == UnexpectedAlertPresentException:\n            alert_text = None\n            if \"data\" in value:\n                alert_text = value[\"data\"].get(\"text\")\n            elif \"alert\" in value:\n                alert_text = value[\"alert\"].get(\"text\")\n            raise exception_class(message, screen, stacktrace, alert_text)  # type: ignore[call-arg]  # mypy is not smart enough here\n>       raise exception_class(message, screen, stacktrace)\nE       selenium.common.exceptions.NoSuchElementException: Message: no such element: Unable to locate element: {\"method\":\"css selector\",\"selector\":\"[id=\"email\"]\"}\nE         (Session info: chrome=119.0.6045.123); For documentation on this error, please visit: https://www.selenium.dev/documentation/webdriver/troubleshooting/errors#no-such-element-exception\nE       Stacktrace:\nE       0   chromedriver                        0x0000000102eda004 chromedriver + 4169732\nE       1   chromedriver                        0x0000000102ed1ff8 chromedriver + 4136952\nE       2   chromedriver                        0x0000000102b27500 chromedriver + 292096\nE       3   chromedriver                        0x0000000102b6c7a0 chromedriver + 575392\nE       4   chromedriver                        0x0000000102ba7818 chromedriver + 817176\nE       5   chromedriver                        0x0000000102b605e8 chromedriver + 525800\nE       6   chromedriver                        0x0000000102b614b8 chromedriver + 529592\nE       7   chromedriver                        0x0000000102ea0334 chromedriver + 3932980\nE       8   chromedriver                        0x0000000102ea4970 chromedriver + 3950960\nE       9   chromedriver                        0x0000000102e88774 chromedriver + 3835764\nE       10  chromedriver                        0x0000000102ea5478 chromedriver + 3953784\nE       11  chromedriver                        0x0000000102e7aab4 chromedriver + 3779252\nE       12  chromedriver                        0x0000000102ec1914 chromedriver + 4069652\nE       13  chromedriver                        0x0000000102ec1a90 chromedriver + 4070032\nE       14  chromedriver                        0x0000000102ed1c70 chromedriver + 4136048\nE       15  libsystem_pthread.dylib             0x000000018556bfa8 _pthread_start + 148\nE       16  libsystem_pthread.dylib             0x0000000185566da0 thread_start + 8\n\n/opt/homebrew/lib/python3.11/site-packages/selenium/webdriver/remote/errorhandler.py:229: NoSuchElementException"}, "start": 1700084884559, "stop": 1700084884613, "uuid": "64df71ec-0f1a-4d7d-87a9-83082b96110f", "historyId": "5a3a36eb9280304a4cd8b22c503c08a1", "testCaseId": "5a3a36eb9280304a4cd8b22c503c08a1", "fullName": "test_login_2#test_incorrect_username", "labels": [{"name": "suite", "value": "test_login_2"}, {"name": "host", "value": "dhcp-128-189-229-206.ubcsecure.wireless.ubc.ca"}, {"name": "thread", "value": "39087-MainThread"}, {"name": "framework", "value": "pytest"}, {"name": "language", "value": "cpython3"}, {"name": "package", "value": "test_login_2"}]}