{"name": "test_download_pdf", "status": "failed", "statusDetails": {"message": "Failed: An unexpected error occurred: Browser did not redirect from the index URL\nassert 'http://127.0.0.1:5000/content' != 'http://127.0.0.1:5000/content'\n +  where 'http://127.0.0.1:5000/content' = <selenium.webdriver.chrome.webdriver.WebDriver (session=\"44508060d25325e34b5e5216ceaf1af3\")>.current_url", "trace": "browser = <selenium.webdriver.chrome.webdriver.WebDriver (session=\"44508060d25325e34b5e5216ceaf1af3\")>\n\n    def test_download_pdf(browser:WebDriver):\n        browser.get(LOGIN_PAGE_URL)\n    \n        try:\n            note_cards = WebDriverWait(browser, 10).until(\n                EC.presence_of_all_elements_located((By.CLASS_NAME, \"note-card\"))\n            )\n    \n            download_buttons = browser.find_elements(By.CLASS_NAME, \"share-btn\")\n            if download_buttons:\n                download_buttons[3].click()\n            else:\n                assert False, \"No Download buttons found\"\n            time.sleep(5)\n    \n    \n    \n    \n>           assert browser.current_url != LOGIN_PAGE_URL,\"Browser did not redirect from the index URL\"\nE           AssertionError: Browser did not redirect from the index URL\nE           assert 'http://127.0.0.1:5000/content' != 'http://127.0.0.1:5000/content'\nE            +  where 'http://127.0.0.1:5000/content' = <selenium.webdriver.chrome.webdriver.WebDriver (session=\"44508060d25325e34b5e5216ceaf1af3\")>.current_url\n\ncontent_test.py:132: AssertionError\n\nDuring handling of the above exception, another exception occurred:\n\nbrowser = <selenium.webdriver.chrome.webdriver.WebDriver (session=\"44508060d25325e34b5e5216ceaf1af3\")>\n\n    def test_download_pdf(browser:WebDriver):\n        browser.get(LOGIN_PAGE_URL)\n    \n        try:\n            note_cards = WebDriverWait(browser, 10).until(\n                EC.presence_of_all_elements_located((By.CLASS_NAME, \"note-card\"))\n            )\n    \n            download_buttons = browser.find_elements(By.CLASS_NAME, \"share-btn\")\n            if download_buttons:\n                download_buttons[3].click()\n            else:\n                assert False, \"No Download buttons found\"\n            time.sleep(5)\n    \n    \n    \n    \n            assert browser.current_url != LOGIN_PAGE_URL,\"Browser did not redirect from the index URL\"\n    \n        except TimeoutException:\n            pytest.fail(\"Timeout waiting for an element\")\n        except NoSuchElementException:\n            pytest.fail(\"Element not found in the page\")\n        except Exception as e:\n>           pytest.fail(f\"An unexpected error occurred: {str(e)}\")\nE           Failed: An unexpected error occurred: Browser did not redirect from the index URL\nE           assert 'http://127.0.0.1:5000/content' != 'http://127.0.0.1:5000/content'\nE            +  where 'http://127.0.0.1:5000/content' = <selenium.webdriver.chrome.webdriver.WebDriver (session=\"44508060d25325e34b5e5216ceaf1af3\")>.current_url\n\ncontent_test.py:139: Failed"}, "start": 1701569615092, "stop": 1701569620839, "uuid": "15a5f3f0-e76c-4a95-a6fc-8721bd2c33ea", "historyId": "a319d4ea8a33e539e19bb01ce487da6f", "testCaseId": "a319d4ea8a33e539e19bb01ce487da6f", "fullName": "content_test#test_download_pdf", "labels": [{"name": "suite", "value": "content_test"}, {"name": "host", "value": "Dhairyas-MacBook-Air-3.local"}, {"name": "thread", "value": "95865-MainThread"}, {"name": "framework", "value": "pytest"}, {"name": "language", "value": "cpython3"}, {"name": "package", "value": "content_test"}]}